# JRE version: OpenJDK Runtime Environment Temurin-17.0.7+7 (17.0.7+7) (build 17.0.7+7)
# Java VM: OpenJDK 64-Bit Server VM Temurin-17.0.7+7 (17.0.7+7, mixed mode, sharing, tiered, compressed oops, compressed class ptrs, g1 gc, windows-amd64)
GC Precious Log:
 CPUs: 12 total, 12 available
 Memory: 32574M
 Large Page Support: Disabled
 NUMA Support: Disabled
 Compressed Oops: Enabled (Zero based)
 Heap Region Size: 2M
 Heap Min Capacity: 512M
 Heap Initial Capacity: 512M
 Heap Max Capacity: 4072M
 Pre-touch: Disabled
 Parallel Workers: 10
 Concurrent Workers: 3
 Concurrent Refinement Workers: 10
 Periodic GC: Disabled
 String Deduplication is enabled
Heap:
 garbage-first heap   total 798720K, used 278235K [0x0000000701800000, 0x0000000800000000)
  region size 2048K, 23 young (47104K), 1 survivors (2048K)
 Metaspace       used 111535K, committed 112064K, reserved 1179648K
  class space    used 15342K, committed 15552K, reserved 1048576K
GC Heap History (20 events):
Event: 183932.703 GC heap before
{Heap before GC invocations=4468 (full 1338):
 garbage-first heap   total 798720K, used 253093K [0x0000000701800000, 0x0000000800000000)
  region size 2048K, 10 young (20480K), 0 survivors (0K)
 Metaspace       used 111482K, committed 112000K, reserved 1179648K
  class space    used 15342K, committed 15552K, reserved 1048576K
}
Event: 183932.807 GC heap after
{Heap after GC invocations=4469 (full 1339):
 garbage-first heap   total 798720K, used 234755K [0x0000000701800000, 0x0000000800000000)
  region size 2048K, 0 young (0K), 0 survivors (0K)
 Metaspace       used 111482K, committed 112000K, reserved 1179648K
  class space    used 15342K, committed 15552K, reserved 1048576K
}
Event: 183933.087 GC heap before
{Heap before GC invocations=4469 (full 1339):
 garbage-first heap   total 798720K, used 238851K [0x0000000701800000, 0x0000000800000000)
  region size 2048K, 3 young (6144K), 0 survivors (0K)
 Metaspace       used 111482K, committed 112000K, reserved 1179648K
  class space    used 15342K, committed 15552K, reserved 1048576K
}
Event: 183933.190 GC heap after
{Heap after GC invocations=4470 (full 1340):
 garbage-first heap   total 798720K, used 234738K [0x0000000701800000, 0x0000000800000000)
  region size 2048K, 0 young (0K), 0 survivors (0K)
 Metaspace       used 111482K, committed 112000K, reserved 1179648K
  class space    used 15342K, committed 15552K, reserved 1048576K
}
Event: 183933.433 GC heap before
{Heap before GC invocations=4470 (full 1340):
 garbage-first heap   total 798720K, used 236786K [0x0000000701800000, 0x0000000800000000)
  region size 2048K, 2 young (4096K), 0 survivors (0K)
 Metaspace       used 111482K, committed 112000K, reserved 1179648K
  class space    used 15342K, committed 15552K, reserved 1048576K
}
Event: 183933.538 GC heap after
{Heap after GC invocations=4471 (full 1341):
 garbage-first heap   total 798720K, used 234666K [0x0000000701800000, 0x0000000800000000)
  region size 2048K, 0 young (0K), 0 survivors (0K)
 Metaspace       used 111482K, committed 112000K, reserved 1179648K
  class space    used 15342K, committed 15552K, reserved 1048576K
}
Event: 183933.750 GC heap before
{Heap before GC invocations=4471 (full 1341):
 garbage-first heap   total 798720K, used 236714K [0x0000000701800000, 0x0000000800000000)
  region size 2048K, 2 young (4096K), 0 survivors (0K)
 Metaspace       used 111482K, committed 112000K, reserved 1179648K
  class space    used 15342K, committed 15552K, reserved 1048576K
}
Event: 183933.854 GC heap after
{Heap after GC invocations=4472 (full 1342):
 garbage-first heap   total 798720K, used 234656K [0x0000000701800000, 0x0000000800000000)
  region size 2048K, 0 young (0K), 0 survivors (0K)
 Metaspace       used 111482K, committed 112000K, reserved 1179648K
  class space    used 15342K, committed 15552K, reserved 1048576K
}
Event: 183934.103 GC heap before
{Heap before GC invocations=4472 (full 1342):
 garbage-first heap   total 798720K, used 238752K [0x0000000701800000, 0x0000000800000000)
  region size 2048K, 3 young (6144K), 0 survivors (0K)
 Metaspace       used 111482K, committed 112000K, reserved 1179648K
  class space    used 15342K, committed 15552K, reserved 1048576K
}
Event: 183934.208 GC heap after
{Heap after GC invocations=4473 (full 1343):
 garbage-first heap   total 798720K, used 234715K [0x0000000701800000, 0x0000000800000000)
  region size 2048K, 0 young (0K), 0 survivors (0K)
 Metaspace       used 111482K, committed 112000K, reserved 1179648K
  class space    used 15342K, committed 15552K, reserved 1048576K
}
Event: 183934.455 GC heap before
{Heap before GC invocations=4473 (full 1343):
 garbage-first heap   total 798720K, used 238811K [0x0000000701800000, 0x0000000800000000)
  region size 2048K, 3 young (6144K), 0 survivors (0K)
 Metaspace       used 111482K, committed 112000K, reserved 1179648K
  class space    used 15342K, committed 15552K, reserved 1048576K
}
Event: 183934.456 GC heap after
{Heap after GC invocations=4474 (full 1343):
 garbage-first heap   total 798720K, used 235059K [0x0000000701800000, 0x0000000800000000)
  region size 2048K, 1 young (2048K), 1 survivors (2048K)
 Metaspace       used 111482K, committed 112000K, reserved 1179648K
  class space    used 15342K, committed 15552K, reserved 1048576K
}
Event: 183934.674 GC heap before
{Heap before GC invocations=4474 (full 1343):
 garbage-first heap   total 798720K, used 237107K [0x0000000701800000, 0x0000000800000000)
  region size 2048K, 3 young (6144K), 1 survivors (2048K)
 Metaspace       used 111482K, committed 112000K, reserved 1179648K
  class space    used 15342K, committed 15552K, reserved 1048576K
}
Event: 183934.781 GC heap after
{Heap after GC invocations=4475 (full 1344):
 garbage-first heap   total 798720K, used 234697K [0x0000000701800000, 0x0000000800000000)
  region size 2048K, 0 young (0K), 0 survivors (0K)
 Metaspace       used 111482K, committed 112000K, reserved 1179648K
  class space    used 15342K, committed 15552K, reserved 1048576K
}
Event: 183938.934 GC heap before
{Heap before GC invocations=4475 (full 1344):
 garbage-first heap   total 798720K, used 316617K [0x0000000701800000, 0x0000000800000000)
  region size 2048K, 40 young (81920K), 0 survivors (0K)
 Metaspace       used 111485K, committed 112000K, reserved 1179648K
  class space    used 15342K, committed 15552K, reserved 1048576K
}
Event: 183938.935 GC heap after
{Heap after GC invocations=4476 (full 1344):
 garbage-first heap   total 798720K, used 235053K [0x0000000701800000, 0x0000000800000000)
  region size 2048K, 1 young (2048K), 1 survivors (2048K)
 Metaspace       used 111485K, committed 112000K, reserved 1179648K
  class space    used 15342K, committed 15552K, reserved 1048576K
}
Event: 183942.382 GC heap before
{Heap before GC invocations=4476 (full 1344):
 garbage-first heap   total 798720K, used 314925K [0x0000000701800000, 0x0000000800000000)
  region size 2048K, 40 young (81920K), 1 survivors (2048K)
 Metaspace       used 111515K, committed 112000K, reserved 1179648K
  class space    used 15342K, committed 15552K, reserved 1048576K
}
Event: 183942.384 GC heap after
{Heap after GC invocations=4477 (full 1344):
 garbage-first heap   total 798720K, used 235238K [0x0000000701800000, 0x0000000800000000)
  region size 2048K, 1 young (2048K), 1 survivors (2048K)
 Metaspace       used 111515K, committed 112000K, reserved 1179648K
  class space    used 15342K, committed 15552K, reserved 1048576K
}
Event: 183945.859 GC heap before
{Heap before GC invocations=4477 (full 1344):
 garbage-first heap   total 798720K, used 243430K [0x0000000701800000, 0x0000000800000000)
  region size 2048K, 6 young (12288K), 1 survivors (2048K)
 Metaspace       used 111535K, committed 112064K, reserved 1179648K
  class space    used 15342K, committed 15552K, reserved 1048576K
}
Event: 183945.861 GC heap after
{Heap after GC invocations=4478 (full 1344):
 garbage-first heap   total 798720K, used 235227K [0x0000000701800000, 0x0000000800000000)
  region size 2048K, 1 young (2048K), 1 survivors (2048K)
 Metaspace       used 111535K, committed 112064K, reserved 1179648K
  class space    used 15342K, committed 15552K, reserved 1048576K
}

